<?xml version="1.0" encoding="UTF-8"?>
<!-- Generated by org.testng.reporters.JUnitXMLReporter -->
<testsuite ignored="0" hostname="Vineeth" failures="4" tests="4" name="Surefire test" time="1.127" errors="0" timestamp="2025-09-06T16:10:29 IST">
  <testcase classname="io.cucumber.testng.AbstractTestNGCucumberTests" name="runScenario" time="0.194">
    <failure type="io.cucumber.testng.UndefinedStepException" message="The step &amp;apos;User is on HCA Healthcare home page&amp;apos; and 2 other step(s) are undefined.
You can implement these steps using the snippet(s) below:

@Given(&amp;quot;User is on HCA Healthcare home page&amp;quot;)
public void user_is_on_hca_healthcare_home_page() {
    // Write code here that turns the phrase above into concrete actions
    throw new io.cucumber.java.PendingException();
}
@When(&amp;quot;User clicks on {string}&amp;quot;)
public void user_clicks_on(String string) {
    // Write code here that turns the phrase above into concrete actions
    throw new io.cucumber.java.PendingException();
}
@Then(&amp;quot;Careers page should open&amp;quot;)
public void careers_page_should_open() {
    // Write code here that turns the phrase above into concrete actions
    throw new io.cucumber.java.PendingException();
}
">
      <![CDATA[io.cucumber.testng.UndefinedStepException: The step 'User is on HCA Healthcare home page' and 2 other step(s) are undefined.
You can implement these steps using the snippet(s) below:

@Given("User is on HCA Healthcare home page")
public void user_is_on_hca_healthcare_home_page() {
    // Write code here that turns the phrase above into concrete actions
    throw new io.cucumber.java.PendingException();
}
@When("User clicks on {string}")
public void user_clicks_on(String string) {
    // Write code here that turns the phrase above into concrete actions
    throw new io.cucumber.java.PendingException();
}
@Then("Careers page should open")
public void careers_page_should_open() {
    // Write code here that turns the phrase above into concrete actions
    throw new io.cucumber.java.PendingException();
}

at io.cucumber.core.runtime.TestCaseResultObserver.assertTestCasePassed(TestCaseResultObserver.java:69)
at io.cucumber.testng.TestCaseResultObserver.assertTestCasePassed(TestCaseResultObserver.java:23)
at io.cucumber.testng.TestNGCucumberRunner.lambda$runScenario$1(TestNGCucumberRunner.java:136)
at io.cucumber.core.runtime.CucumberExecutionContext.lambda$runTestCase$5(CucumberExecutionContext.java:136)
at io.cucumber.core.runtime.RethrowingThrowableCollector.executeAndThrow(RethrowingThrowableCollector.java:23)
at io.cucumber.core.runtime.CucumberExecutionContext.runTestCase(CucumberExecutionContext.java:136)
at io.cucumber.testng.TestNGCucumberRunner.runScenario(TestNGCucumberRunner.java:132)
at io.cucumber.testng.AbstractTestNGCucumberTests.runScenario(AbstractTestNGCucumberTests.java:35)
at java.base/java.util.concurrent.ThreadPoolExecutor.runWorker(ThreadPoolExecutor.java:1136)
at java.base/java.util.concurrent.ThreadPoolExecutor$Worker.run(ThreadPoolExecutor.java:635)
at java.base/java.lang.Thread.run(Thread.java:833)
... Removed 9 stack frames]]>
    </failure>
  </testcase> <!-- runScenario -->
  <testcase classname="io.cucumber.testng.AbstractTestNGCucumberTests" name="runScenario" time="0.189">
    <failure type="io.cucumber.testng.UndefinedStepException" message="The step &amp;apos;User is on HCA Healthcare home page&amp;apos; and 2 other step(s) are undefined.
You can implement these steps using the snippet(s) below:

@Given(&amp;quot;User is on HCA Healthcare home page&amp;quot;)
public void user_is_on_hca_healthcare_home_page() {
    // Write code here that turns the phrase above into concrete actions
    throw new io.cucumber.java.PendingException();
}
@When(&amp;quot;User clicks on {string}&amp;quot;)
public void user_clicks_on(String string) {
    // Write code here that turns the phrase above into concrete actions
    throw new io.cucumber.java.PendingException();
}
@Then(&amp;quot;User should be redirected to location page&amp;quot;)
public void user_should_be_redirected_to_location_page() {
    // Write code here that turns the phrase above into concrete actions
    throw new io.cucumber.java.PendingException();
}
">
      <![CDATA[io.cucumber.testng.UndefinedStepException: The step 'User is on HCA Healthcare home page' and 2 other step(s) are undefined.
You can implement these steps using the snippet(s) below:

@Given("User is on HCA Healthcare home page")
public void user_is_on_hca_healthcare_home_page() {
    // Write code here that turns the phrase above into concrete actions
    throw new io.cucumber.java.PendingException();
}
@When("User clicks on {string}")
public void user_clicks_on(String string) {
    // Write code here that turns the phrase above into concrete actions
    throw new io.cucumber.java.PendingException();
}
@Then("User should be redirected to location page")
public void user_should_be_redirected_to_location_page() {
    // Write code here that turns the phrase above into concrete actions
    throw new io.cucumber.java.PendingException();
}

at io.cucumber.core.runtime.TestCaseResultObserver.assertTestCasePassed(TestCaseResultObserver.java:69)
at io.cucumber.testng.TestCaseResultObserver.assertTestCasePassed(TestCaseResultObserver.java:23)
at io.cucumber.testng.TestNGCucumberRunner.lambda$runScenario$1(TestNGCucumberRunner.java:136)
at io.cucumber.core.runtime.CucumberExecutionContext.lambda$runTestCase$5(CucumberExecutionContext.java:136)
at io.cucumber.core.runtime.RethrowingThrowableCollector.executeAndThrow(RethrowingThrowableCollector.java:23)
at io.cucumber.core.runtime.CucumberExecutionContext.runTestCase(CucumberExecutionContext.java:136)
at io.cucumber.testng.TestNGCucumberRunner.runScenario(TestNGCucumberRunner.java:132)
at io.cucumber.testng.AbstractTestNGCucumberTests.runScenario(AbstractTestNGCucumberTests.java:35)
at java.base/java.util.concurrent.ThreadPoolExecutor.runWorker(ThreadPoolExecutor.java:1136)
at java.base/java.util.concurrent.ThreadPoolExecutor$Worker.run(ThreadPoolExecutor.java:635)
at java.base/java.lang.Thread.run(Thread.java:833)
... Removed 9 stack frames]]>
    </failure>
  </testcase> <!-- runScenario -->
  <testcase classname="io.cucumber.testng.AbstractTestNGCucumberTests" name="runScenario" time="0.189">
    <failure type="io.cucumber.testng.UndefinedStepException" message="The step &amp;apos;User is on HCA Healthcare home page&amp;apos; and 4 other step(s) are undefined.
You can implement these steps using the snippet(s) below:

@Given(&amp;quot;User is on HCA Healthcare home page&amp;quot;)
public void user_is_on_hca_healthcare_home_page() {
    // Write code here that turns the phrase above into concrete actions
    throw new io.cucumber.java.PendingException();
}
@When(&amp;quot;User clicks on {string}&amp;quot;)
public void user_clicks_on(String string) {
    // Write code here that turns the phrase above into concrete actions
    throw new io.cucumber.java.PendingException();
}
@When(&amp;quot;User enters {string} in search box&amp;quot;)
public void user_enters_in_search_box(String string) {
    // Write code here that turns the phrase above into concrete actions
    throw new io.cucumber.java.PendingException();
}
@When(&amp;quot;User clicks Search button&amp;quot;)
public void user_clicks_search_button() {
    // Write code here that turns the phrase above into concrete actions
    throw new io.cucumber.java.PendingException();
}
@Then(&amp;quot;No results should be displayed&amp;quot;)
public void no_results_should_be_displayed() {
    // Write code here that turns the phrase above into concrete actions
    throw new io.cucumber.java.PendingException();
}
">
      <![CDATA[io.cucumber.testng.UndefinedStepException: The step 'User is on HCA Healthcare home page' and 4 other step(s) are undefined.
You can implement these steps using the snippet(s) below:

@Given("User is on HCA Healthcare home page")
public void user_is_on_hca_healthcare_home_page() {
    // Write code here that turns the phrase above into concrete actions
    throw new io.cucumber.java.PendingException();
}
@When("User clicks on {string}")
public void user_clicks_on(String string) {
    // Write code here that turns the phrase above into concrete actions
    throw new io.cucumber.java.PendingException();
}
@When("User enters {string} in search box")
public void user_enters_in_search_box(String string) {
    // Write code here that turns the phrase above into concrete actions
    throw new io.cucumber.java.PendingException();
}
@When("User clicks Search button")
public void user_clicks_search_button() {
    // Write code here that turns the phrase above into concrete actions
    throw new io.cucumber.java.PendingException();
}
@Then("No results should be displayed")
public void no_results_should_be_displayed() {
    // Write code here that turns the phrase above into concrete actions
    throw new io.cucumber.java.PendingException();
}

at io.cucumber.core.runtime.TestCaseResultObserver.assertTestCasePassed(TestCaseResultObserver.java:69)
at io.cucumber.testng.TestCaseResultObserver.assertTestCasePassed(TestCaseResultObserver.java:23)
at io.cucumber.testng.TestNGCucumberRunner.lambda$runScenario$1(TestNGCucumberRunner.java:136)
at io.cucumber.core.runtime.CucumberExecutionContext.lambda$runTestCase$5(CucumberExecutionContext.java:136)
at io.cucumber.core.runtime.RethrowingThrowableCollector.executeAndThrow(RethrowingThrowableCollector.java:23)
at io.cucumber.core.runtime.CucumberExecutionContext.runTestCase(CucumberExecutionContext.java:136)
at io.cucumber.testng.TestNGCucumberRunner.runScenario(TestNGCucumberRunner.java:132)
at io.cucumber.testng.AbstractTestNGCucumberTests.runScenario(AbstractTestNGCucumberTests.java:35)
at java.base/java.util.concurrent.ThreadPoolExecutor.runWorker(ThreadPoolExecutor.java:1136)
at java.base/java.util.concurrent.ThreadPoolExecutor$Worker.run(ThreadPoolExecutor.java:635)
at java.base/java.lang.Thread.run(Thread.java:833)
... Removed 9 stack frames]]>
    </failure>
  </testcase> <!-- runScenario -->
  <testcase classname="io.cucumber.testng.AbstractTestNGCucumberTests" name="runScenario" time="0.189">
    <failure type="io.cucumber.testng.UndefinedStepException" message="The step &amp;apos;User is on HCA Healthcare home page&amp;apos; and 4 other step(s) are undefined.
You can implement these steps using the snippet(s) below:

@Given(&amp;quot;User is on HCA Healthcare home page&amp;quot;)
public void user_is_on_hca_healthcare_home_page() {
    // Write code here that turns the phrase above into concrete actions
    throw new io.cucumber.java.PendingException();
}
@When(&amp;quot;User clicks on {string}&amp;quot;)
public void user_clicks_on(String string) {
    // Write code here that turns the phrase above into concrete actions
    throw new io.cucumber.java.PendingException();
}
@When(&amp;quot;User enters {string} in search box&amp;quot;)
public void user_enters_in_search_box(String string) {
    // Write code here that turns the phrase above into concrete actions
    throw new io.cucumber.java.PendingException();
}
@When(&amp;quot;User clicks Search button&amp;quot;)
public void user_clicks_search_button() {
    // Write code here that turns the phrase above into concrete actions
    throw new io.cucumber.java.PendingException();
}
@Then(&amp;quot;Results should be displayed&amp;quot;)
public void results_should_be_displayed() {
    // Write code here that turns the phrase above into concrete actions
    throw new io.cucumber.java.PendingException();
}
">
      <![CDATA[io.cucumber.testng.UndefinedStepException: The step 'User is on HCA Healthcare home page' and 4 other step(s) are undefined.
You can implement these steps using the snippet(s) below:

@Given("User is on HCA Healthcare home page")
public void user_is_on_hca_healthcare_home_page() {
    // Write code here that turns the phrase above into concrete actions
    throw new io.cucumber.java.PendingException();
}
@When("User clicks on {string}")
public void user_clicks_on(String string) {
    // Write code here that turns the phrase above into concrete actions
    throw new io.cucumber.java.PendingException();
}
@When("User enters {string} in search box")
public void user_enters_in_search_box(String string) {
    // Write code here that turns the phrase above into concrete actions
    throw new io.cucumber.java.PendingException();
}
@When("User clicks Search button")
public void user_clicks_search_button() {
    // Write code here that turns the phrase above into concrete actions
    throw new io.cucumber.java.PendingException();
}
@Then("Results should be displayed")
public void results_should_be_displayed() {
    // Write code here that turns the phrase above into concrete actions
    throw new io.cucumber.java.PendingException();
}

at io.cucumber.core.runtime.TestCaseResultObserver.assertTestCasePassed(TestCaseResultObserver.java:69)
at io.cucumber.testng.TestCaseResultObserver.assertTestCasePassed(TestCaseResultObserver.java:23)
at io.cucumber.testng.TestNGCucumberRunner.lambda$runScenario$1(TestNGCucumberRunner.java:136)
at io.cucumber.core.runtime.CucumberExecutionContext.lambda$runTestCase$5(CucumberExecutionContext.java:136)
at io.cucumber.core.runtime.RethrowingThrowableCollector.executeAndThrow(RethrowingThrowableCollector.java:23)
at io.cucumber.core.runtime.CucumberExecutionContext.runTestCase(CucumberExecutionContext.java:136)
at io.cucumber.testng.TestNGCucumberRunner.runScenario(TestNGCucumberRunner.java:132)
at io.cucumber.testng.AbstractTestNGCucumberTests.runScenario(AbstractTestNGCucumberTests.java:35)
at java.base/java.util.concurrent.ThreadPoolExecutor.runWorker(ThreadPoolExecutor.java:1136)
at java.base/java.util.concurrent.ThreadPoolExecutor$Worker.run(ThreadPoolExecutor.java:635)
at java.base/java.lang.Thread.run(Thread.java:833)
... Removed 9 stack frames]]>
    </failure>
  </testcase> <!-- runScenario -->
</testsuite> <!-- Surefire test -->
